connesso a gestioneUPLODO  
Trovata lid: 140831 
update riusciuto 
UPLODO  
Trovata lid: 353051 
update riusciuto 
UPLODO  
Trovata lid: 233601 
update riusciuto 
UPLODO  
Trovata lid: 93245 
update riusciuto 
UPLODO  
Trovata lid: 147991 
update riusciuto 
UPLODO  
Non abbiamo trovato la lead in leaduni \nupdate riusciuto 
UPLODO  
Trovata lid: 257170 
update riusciuto 
UPLODO  
Non abbiamo trovato la lead in leaduni \nupdate riusciuto 
UPLODO  
Trovata lid: 413297 
update riusciuto 
UPLODO  
Trovata lid: 431947 
update riusciuto 
UPLODO  
Trovata lid: 114754 
update riusciuto 
UPLODO  
Trovata lid: 236922 
update riusciuto 
UPLODO  
Trovata lid: 504265 
update riusciuto 
UPLODO  
Trovata lid: 282977 
update riusciuto 
UPLODO  
Trovata lid: 450016 
update riusciuto 
UPLODO  
Trovata lid: 402906 
update riusciuto 
